This file contains any messages produced by compilers while
running configure, to aid debugging if configure makes a mistake.

It was created by CppTest configure 1.1.2, which was
generated by GNU Autoconf 2.69.  Invocation command line was

  $ ./configure 

## --------- ##
## Platform. ##
## --------- ##

hostname = gir.home
uname -m = x86_64
uname -r = 12.0.0
uname -s = Darwin
uname -v = Darwin Kernel Version 12.0.0: Sun Jun 24 23:00:16 PDT 2012; root:xnu-2050.7.9~1/RELEASE_X86_64

/usr/bin/uname -p = i386
/bin/uname -X     = unknown

/bin/arch              = unknown
/usr/bin/arch -k       = unknown
/usr/convex/getsysinfo = unknown
/usr/bin/hostinfo      = Mach kernel version:
	 Darwin Kernel Version 12.0.0: Sun Jun 24 23:00:16 PDT 2012; root:xnu-2050.7.9~1/RELEASE_X86_64
Kernel configured for up to 2 processors.
2 processors are physically available.
2 processors are logically available.
Processor type: i486 (Intel 80486)
Processors active: 0 1
Primary memory available: 2.00 gigabytes
Default processor set: 113 tasks, 630 threads, 2 processors
Load average: 4.67, Mach factor: 0.41
/bin/machine           = unknown
/usr/bin/oslevel       = unknown
/bin/universe          = unknown

PATH: /opt/local/bin
PATH: /opt/local/sbin
PATH: /usr/bin
PATH: /bin
PATH: /usr/sbin
PATH: /sbin
PATH: /usr/local/bin
PATH: /opt/X11/bin


## ----------- ##
## Core tests. ##
## ----------- ##

configure:2390: checking for a BSD-compatible install
configure:2458: result: /usr/bin/install -c
configure:2469: checking whether build environment is sane
configure:2524: result: yes
configure:2675: checking for a thread-safe mkdir -p
configure:2714: result: config/install-sh -c -d
configure:2721: checking for gawk
configure:2751: result: no
configure:2721: checking for mawk
configure:2751: result: no
configure:2721: checking for nawk
configure:2751: result: no
configure:2721: checking for awk
configure:2737: found /usr/bin/awk
configure:2748: result: awk
configure:2759: checking whether make sets $(MAKE)
configure:2781: result: yes
configure:2903: checking whether to generate documentation
configure:2905: result: no
configure:2931: checking whether to turn on C++ compilation warnings
configure:2933: result: no
configure:2986: checking for gcc
configure:3002: found /usr/bin/gcc
configure:3013: result: gcc
configure:3242: checking for C compiler version
configure:3251: gcc --version >&5
i686-apple-darwin11-llvm-gcc-4.2 (GCC) 4.2.1 (Based on Apple Inc. build 5658) (LLVM build 2336.11.00)
Copyright (C) 2007 Free Software Foundation, Inc.
This is free software; see the source for copying conditions.  There is NO
warranty; not even for MERCHANTABILITY or FITNESS FOR A PARTICULAR PURPOSE.

configure:3262: $? = 0
configure:3251: gcc -v >&5
Using built-in specs.
Target: i686-apple-darwin11
Configured with: /private/var/tmp/llvmgcc42/llvmgcc42-2336.11~28/src/configure --disable-checking --enable-werror --prefix=/Applications/Xcode.app/Contents/Developer/usr/llvm-gcc-4.2 --mandir=/share/man --enable-languages=c,objc,c++,obj-c++ --program-prefix=llvm- --program-transform-name=/^[cg][^.-]*$/s/$/-4.2/ --with-slibdir=/usr/lib --build=i686-apple-darwin11 --enable-llvm=/private/var/tmp/llvmgcc42/llvmgcc42-2336.11~28/dst-llvmCore/Developer/usr/local --program-prefix=i686-apple-darwin11- --host=x86_64-apple-darwin11 --target=i686-apple-darwin11 --with-gxx-include-dir=/usr/include/c++/4.2.1
Thread model: posix
gcc version 4.2.1 (Based on Apple Inc. build 5658) (LLVM build 2336.11.00)
configure:3262: $? = 0
configure:3251: gcc -V >&5
llvm-gcc-4.2: argument to `-V' is missing
configure:3262: $? = 1
configure:3251: gcc -qversion >&5
i686-apple-darwin11-llvm-gcc-4.2: no input files
configure:3262: $? = 1
configure:3282: checking whether the C compiler works
configure:3304: gcc    conftest.c  >&5
configure:3308: $? = 0
configure:3356: result: yes
configure:3359: checking for C compiler default output file name
configure:3361: result: a.out
configure:3367: checking for suffix of executables
configure:3374: gcc -o conftest    conftest.c  >&5
configure:3378: $? = 0
configure:3400: result: 
configure:3422: checking whether we are cross compiling
configure:3430: gcc -o conftest    conftest.c  >&5
configure:3434: $? = 0
configure:3441: ./conftest
configure:3445: $? = 0
configure:3460: result: no
configure:3465: checking for suffix of object files
configure:3487: gcc -c   conftest.c >&5
configure:3491: $? = 0
configure:3512: result: o
configure:3516: checking whether we are using the GNU C compiler
configure:3535: gcc -c   conftest.c >&5
configure:3535: $? = 0
configure:3544: result: yes
configure:3553: checking whether gcc accepts -g
configure:3573: gcc -c -g  conftest.c >&5
configure:3573: $? = 0
configure:3614: result: yes
configure:3631: checking for gcc option to accept ISO C89
configure:3694: gcc  -c -g -O2  conftest.c >&5
configure:3694: $? = 0
configure:3707: result: none needed
configure:3738: checking for style of include used by make
configure:3766: result: GNU
configure:3792: checking dependency style of gcc
configure:3903: result: gcc3
configure:3976: checking for g++
configure:3992: found /usr/bin/g++
configure:4003: result: g++
configure:4030: checking for C++ compiler version
configure:4039: g++ --version >&5
i686-apple-darwin11-llvm-g++-4.2 (GCC) 4.2.1 (Based on Apple Inc. build 5658) (LLVM build 2336.11.00)
Copyright (C) 2007 Free Software Foundation, Inc.
This is free software; see the source for copying conditions.  There is NO
warranty; not even for MERCHANTABILITY or FITNESS FOR A PARTICULAR PURPOSE.

configure:4050: $? = 0
configure:4039: g++ -v >&5
Using built-in specs.
Target: i686-apple-darwin11
Configured with: /private/var/tmp/llvmgcc42/llvmgcc42-2336.11~28/src/configure --disable-checking --enable-werror --prefix=/Applications/Xcode.app/Contents/Developer/usr/llvm-gcc-4.2 --mandir=/share/man --enable-languages=c,objc,c++,obj-c++ --program-prefix=llvm- --program-transform-name=/^[cg][^.-]*$/s/$/-4.2/ --with-slibdir=/usr/lib --build=i686-apple-darwin11 --enable-llvm=/private/var/tmp/llvmgcc42/llvmgcc42-2336.11~28/dst-llvmCore/Developer/usr/local --program-prefix=i686-apple-darwin11- --host=x86_64-apple-darwin11 --target=i686-apple-darwin11 --with-gxx-include-dir=/usr/include/c++/4.2.1
Thread model: posix
gcc version 4.2.1 (Based on Apple Inc. build 5658) (LLVM build 2336.11.00)
configure:4050: $? = 0
configure:4039: g++ -V >&5
llvm-g++-4.2: argument to `-V' is missing
configure:4050: $? = 1
configure:4039: g++ -qversion >&5
i686-apple-darwin11-llvm-g++-4.2: no input files
configure:4050: $? = 1
configure:4054: checking whether we are using the GNU C++ compiler
configure:4073: g++ -c   conftest.cpp >&5
configure:4073: $? = 0
configure:4082: result: yes
configure:4091: checking whether g++ accepts -g
configure:4111: g++ -c -g  conftest.cpp >&5
configure:4111: $? = 0
configure:4152: result: yes
configure:4177: checking dependency style of g++
configure:4288: result: gcc3
configure:4308: checking how to run the C++ preprocessor
configure:4335: g++ -E  conftest.cpp
configure:4335: $? = 0
configure:4349: g++ -E  conftest.cpp
conftest.cpp:11:28: error: ac_nonexistent.h: No such file or directory
configure:4349: $? = 1
configure: failed program was:
| /* confdefs.h */
| #define PACKAGE_NAME "CppTest"
| #define PACKAGE_TARNAME "cpptest"
| #define PACKAGE_VERSION "1.1.2"
| #define PACKAGE_STRING "CppTest 1.1.2"
| #define PACKAGE_BUGREPORT "nilu@users.sourceforge.net"
| #define PACKAGE_URL ""
| #define PACKAGE "cpptest"
| #define VERSION "1.1.2"
| /* end confdefs.h.  */
| #include <ac_nonexistent.h>
configure:4374: result: g++ -E
configure:4394: g++ -E  conftest.cpp
configure:4394: $? = 0
configure:4408: g++ -E  conftest.cpp
conftest.cpp:11:28: error: ac_nonexistent.h: No such file or directory
configure:4408: $? = 1
configure: failed program was:
| /* confdefs.h */
| #define PACKAGE_NAME "CppTest"
| #define PACKAGE_TARNAME "cpptest"
| #define PACKAGE_VERSION "1.1.2"
| #define PACKAGE_STRING "CppTest 1.1.2"
| #define PACKAGE_BUGREPORT "nilu@users.sourceforge.net"
| #define PACKAGE_URL ""
| #define PACKAGE "cpptest"
| #define VERSION "1.1.2"
| /* end confdefs.h.  */
| #include <ac_nonexistent.h>
configure:4437: checking whether make sets $(MAKE)
configure:4459: result: yes
configure:4497: checking build system type
configure:4511: result: x86_64-apple-darwin12.0.0
configure:4531: checking host system type
configure:4544: result: x86_64-apple-darwin12.0.0
configure:4585: checking how to print strings
configure:4612: result: printf
configure:4633: checking for a sed that does not truncate output
configure:4697: result: /usr/bin/sed
configure:4715: checking for grep that handles long lines and -e
configure:4773: result: /usr/bin/grep
configure:4778: checking for egrep
configure:4840: result: /usr/bin/grep -E
configure:4845: checking for fgrep
configure:4907: result: /usr/bin/grep -F
configure:4942: checking for ld used by gcc
configure:5009: result: /usr/llvm-gcc-4.2/libexec/gcc/i686-apple-darwin11/4.2.1/ld
configure:5016: checking if the linker (/usr/llvm-gcc-4.2/libexec/gcc/i686-apple-darwin11/4.2.1/ld) is GNU ld
configure:5031: result: no
configure:5043: checking for BSD- or MS-compatible name lister (nm)
configure:5092: result: /usr/bin/nm
configure:5222: checking the name lister (/usr/bin/nm) interface
configure:5229: gcc -c -g -O2  conftest.c >&5
configure:5232: /usr/bin/nm "conftest.o"
configure:5235: output
00000000000001d4 S _some_variable
configure:5242: result: BSD nm
configure:5245: checking whether ln -s works
configure:5249: result: yes
configure:5257: checking the maximum length of command line arguments
configure:5387: result: 196608
configure:5404: checking whether the shell understands some XSI constructs
configure:5414: result: yes
configure:5418: checking whether the shell understands "+="
configure:5424: result: yes
configure:5459: checking how to convert x86_64-apple-darwin12.0.0 file names to x86_64-apple-darwin12.0.0 format
configure:5499: result: func_convert_file_noop
configure:5506: checking how to convert x86_64-apple-darwin12.0.0 file names to toolchain format
configure:5526: result: func_convert_file_noop
configure:5533: checking for /usr/llvm-gcc-4.2/libexec/gcc/i686-apple-darwin11/4.2.1/ld option to reload object files
configure:5540: result: -r
configure:5614: checking for objdump
configure:5644: result: no
configure:5673: checking how to recognize dependent libraries
configure:5875: result: pass_all
configure:5960: checking for dlltool
configure:5990: result: no
configure:6020: checking how to associate runtime and link libraries
configure:6047: result: printf %s\n
configure:6108: checking for ar
configure:6124: found /usr/bin/ar
configure:6135: result: ar
configure:6172: checking for archiver @FILE support
configure:6189: gcc -c -g -O2  conftest.c >&5
configure:6189: $? = 0
configure:6192: ar cru libconftest.a @conftest.lst >&5
ar: @conftest.lst: No such file or directory
configure:6195: $? = 1
configure:6215: result: no
configure:6273: checking for strip
configure:6289: found /usr/bin/strip
configure:6300: result: strip
configure:6372: checking for ranlib
configure:6388: found /usr/bin/ranlib
configure:6399: result: ranlib
configure:6501: checking command to parse /usr/bin/nm output from gcc object
configure:6621: gcc -c -g -O2  conftest.c >&5
configure:6624: $? = 0
configure:6628: /usr/bin/nm conftest.o \| sed -n -e 's/^.*[ ]\([BCDEGRST][BCDEGRST]*\)[ ][ ]*\([_A-Za-z][_A-Za-z0-9]*\)$/\1 \2 \2/p' | sed '/ __gnu_lto/d' \> conftest.nm
configure:6631: $? = 0
cannot find nm_test_var in conftest.nm
configure:6621: gcc -c -g -O2  conftest.c >&5
configure:6624: $? = 0
configure:6628: /usr/bin/nm conftest.o \| sed -n -e 's/^.*[ ]\([BCDEGRST][BCDEGRST]*\)[ ][ ]*_\([_A-Za-z][_A-Za-z0-9]*\)$/\1 _\2 \2/p' | sed '/ __gnu_lto/d' \> conftest.nm
configure:6631: $? = 0
configure:6697: gcc -o conftest -g -O2   conftest.c conftstm.o >&5
configure:6700: $? = 0
configure:6738: result: ok
configure:6775: checking for sysroot
configure:6805: result: no
configure:7061: checking for mt
configure:7091: result: no
configure:7111: checking if : is a manifest tool
configure:7117: : '-?'
configure:7125: result: no
configure:7181: checking for dsymutil
configure:7197: found /usr/bin/dsymutil
configure:7208: result: dsymutil
configure:7273: checking for nmedit
configure:7289: found /usr/bin/nmedit
configure:7300: result: nmedit
configure:7365: checking for lipo
configure:7381: found /usr/bin/lipo
configure:7392: result: lipo
configure:7457: checking for otool
configure:7473: found /usr/bin/otool
configure:7484: result: otool
configure:7549: checking for otool64
configure:7579: result: no
configure:7624: checking for -single_module linker flag
gcc -g -O2  -o libconftest.dylib -dynamiclib -Wl,-single_module conftest.c
configure:7657: result: yes
configure:7660: checking for -exported_symbols_list linker flag
configure:7680: gcc -o conftest -g -O2   -Wl,-exported_symbols_list,conftest.sym conftest.c  >&5
configure:7680: $? = 0
configure:7690: result: yes
configure:7693: checking for -force_load linker flag
gcc -g -O2 -c -o conftest.o conftest.c
ar cru libconftest.a conftest.o
ranlib libconftest.a
gcc -g -O2  -o conftest conftest.c -Wl,-force_load,./libconftest.a
configure:7725: result: yes
configure:7767: checking how to run the C preprocessor
configure:7798: gcc -E  conftest.c
configure:7798: $? = 0
configure:7812: gcc -E  conftest.c
conftest.c:11:28: error: ac_nonexistent.h: No such file or directory
configure:7812: $? = 1
configure: failed program was:
| /* confdefs.h */
| #define PACKAGE_NAME "CppTest"
| #define PACKAGE_TARNAME "cpptest"
| #define PACKAGE_VERSION "1.1.2"
| #define PACKAGE_STRING "CppTest 1.1.2"
| #define PACKAGE_BUGREPORT "nilu@users.sourceforge.net"
| #define PACKAGE_URL ""
| #define PACKAGE "cpptest"
| #define VERSION "1.1.2"
| /* end confdefs.h.  */
| #include <ac_nonexistent.h>
configure:7837: result: gcc -E
configure:7857: gcc -E  conftest.c
configure:7857: $? = 0
configure:7871: gcc -E  conftest.c
conftest.c:11:28: error: ac_nonexistent.h: No such file or directory
configure:7871: $? = 1
configure: failed program was:
| /* confdefs.h */
| #define PACKAGE_NAME "CppTest"
| #define PACKAGE_TARNAME "cpptest"
| #define PACKAGE_VERSION "1.1.2"
| #define PACKAGE_STRING "CppTest 1.1.2"
| #define PACKAGE_BUGREPORT "nilu@users.sourceforge.net"
| #define PACKAGE_URL ""
| #define PACKAGE "cpptest"
| #define VERSION "1.1.2"
| /* end confdefs.h.  */
| #include <ac_nonexistent.h>
configure:7900: checking for ANSI C header files
configure:7920: gcc -c -g -O2  conftest.c >&5
configure:7920: $? = 0
configure:7993: gcc -o conftest -g -O2   conftest.c  >&5
configure:7993: $? = 0
configure:7993: ./conftest
configure:7993: $? = 0
configure:8004: result: yes
configure:8017: checking for sys/types.h
configure:8017: gcc -c -g -O2  conftest.c >&5
configure:8017: $? = 0
configure:8017: result: yes
configure:8017: checking for sys/stat.h
configure:8017: gcc -c -g -O2  conftest.c >&5
configure:8017: $? = 0
configure:8017: result: yes
configure:8017: checking for stdlib.h
configure:8017: gcc -c -g -O2  conftest.c >&5
configure:8017: $? = 0
configure:8017: result: yes
configure:8017: checking for string.h
configure:8017: gcc -c -g -O2  conftest.c >&5
configure:8017: $? = 0
configure:8017: result: yes
configure:8017: checking for memory.h
configure:8017: gcc -c -g -O2  conftest.c >&5
configure:8017: $? = 0
configure:8017: result: yes
configure:8017: checking for strings.h
configure:8017: gcc -c -g -O2  conftest.c >&5
configure:8017: $? = 0
configure:8017: result: yes
configure:8017: checking for inttypes.h
configure:8017: gcc -c -g -O2  conftest.c >&5
configure:8017: $? = 0
configure:8017: result: yes
configure:8017: checking for stdint.h
configure:8017: gcc -c -g -O2  conftest.c >&5
configure:8017: $? = 0
configure:8017: result: yes
configure:8017: checking for unistd.h
configure:8017: gcc -c -g -O2  conftest.c >&5
configure:8017: $? = 0
configure:8017: result: yes
configure:8031: checking for dlfcn.h
configure:8031: gcc -c -g -O2  conftest.c >&5
configure:8031: $? = 0
configure:8031: result: yes
configure:8248: checking for objdir
configure:8263: result: .libs
configure:8530: checking if gcc supports -fno-rtti -fno-exceptions
configure:8548: gcc -c -g -O2  -fno-rtti -fno-exceptions conftest.c >&5
cc1: warning: command line option "-fno-rtti" is valid for C++/ObjC++ but not for C
configure:8552: $? = 0
configure:8565: result: no
configure:8892: checking for gcc option to produce PIC
configure:8899: result: -fno-common -DPIC
configure:8907: checking if gcc PIC flag -fno-common -DPIC works
configure:8925: gcc -c -g -O2  -fno-common -DPIC -DPIC conftest.c >&5
configure:8929: $? = 0
configure:8942: result: yes
configure:8971: checking if gcc static flag -static works
configure:8999: result: no
configure:9014: checking if gcc supports -c -o file.o
configure:9035: gcc -c -g -O2  -o out/conftest2.o conftest.c >&5
configure:9039: $? = 0
configure:9061: result: yes
configure:9069: checking if gcc supports -c -o file.o
configure:9116: result: yes
configure:9149: checking whether the gcc linker (/usr/llvm-gcc-4.2/libexec/gcc/i686-apple-darwin11/4.2.1/ld) supports shared libraries
configure:10302: result: yes
configure:10542: checking dynamic linker characteristics
configure:11288: result: darwin12.0.0 dyld
configure:11395: checking how to hardcode library paths into programs
configure:11420: result: immediate
configure:11960: checking whether stripping libraries is possible
configure:11974: result: yes
configure:12000: checking if libtool supports shared libraries
configure:12002: result: yes
configure:12005: checking whether to build shared libraries
configure:12026: result: yes
configure:12029: checking whether to build static libraries
configure:12033: result: yes
configure:12056: checking how to run the C++ preprocessor
configure:12122: result: g++ -E
configure:12142: g++ -E  conftest.cpp
configure:12142: $? = 0
configure:12156: g++ -E  conftest.cpp
conftest.cpp:23:28: error: ac_nonexistent.h: No such file or directory
configure:12156: $? = 1
configure: failed program was:
| /* confdefs.h */
| #define PACKAGE_NAME "CppTest"
| #define PACKAGE_TARNAME "cpptest"
| #define PACKAGE_VERSION "1.1.2"
| #define PACKAGE_STRING "CppTest 1.1.2"
| #define PACKAGE_BUGREPORT "nilu@users.sourceforge.net"
| #define PACKAGE_URL ""
| #define PACKAGE "cpptest"
| #define VERSION "1.1.2"
| #define STDC_HEADERS 1
| #define HAVE_SYS_TYPES_H 1
| #define HAVE_SYS_STAT_H 1
| #define HAVE_STDLIB_H 1
| #define HAVE_STRING_H 1
| #define HAVE_MEMORY_H 1
| #define HAVE_STRINGS_H 1
| #define HAVE_INTTYPES_H 1
| #define HAVE_STDINT_H 1
| #define HAVE_UNISTD_H 1
| #define HAVE_DLFCN_H 1
| #define LT_OBJDIR ".libs/"
| /* end confdefs.h.  */
| #include <ac_nonexistent.h>
configure:12325: checking for ld used by g++
configure:12392: result: /usr/llvm-gcc-4.2/libexec/gcc/i686-apple-darwin11/4.2.1/ld
configure:12399: checking if the linker (/usr/llvm-gcc-4.2/libexec/gcc/i686-apple-darwin11/4.2.1/ld) is GNU ld
configure:12414: result: no
configure:12469: checking whether the g++ linker (/usr/llvm-gcc-4.2/libexec/gcc/i686-apple-darwin11/4.2.1/ld) supports shared libraries
configure:13474: result: yes
configure:13510: g++ -c -g -O2  conftest.cpp >&5
configure:13513: $? = 0
configure:14033: checking for g++ option to produce PIC
configure:14040: result: -fno-common -DPIC
configure:14048: checking if g++ PIC flag -fno-common -DPIC works
configure:14066: g++ -c -g -O2  -fno-common -DPIC -DPIC conftest.cpp >&5
configure:14070: $? = 0
configure:14083: result: yes
configure:14106: checking if g++ static flag -static works
configure:14134: result: no
configure:14146: checking if g++ supports -c -o file.o
configure:14167: g++ -c -g -O2  -o out/conftest2.o conftest.cpp >&5
configure:14171: $? = 0
configure:14193: result: yes
configure:14198: checking if g++ supports -c -o file.o
configure:14245: result: yes
configure:14275: checking whether the g++ linker (/usr/llvm-gcc-4.2/libexec/gcc/i686-apple-darwin11/4.2.1/ld) supports shared libraries
configure:14311: result: yes
configure:14452: checking dynamic linker characteristics
configure:15132: result: darwin12.0.0 dyld
configure:15185: checking how to hardcode library paths into programs
configure:15210: result: immediate
configure:15324: checking sys/time.h usability
configure:15324: gcc -c -g -O2  conftest.c >&5
configure:15324: $? = 0
configure:15324: result: yes
configure:15324: checking sys/time.h presence
configure:15324: gcc -E  conftest.c
configure:15324: $? = 0
configure:15324: result: yes
configure:15324: checking for sys/time.h
configure:15324: result: yes
configure:15341: checking for gettimeofday
configure:15341: gcc -o conftest -g -O2   conftest.c  >&5
configure:15341: $? = 0
configure:15341: result: yes
configure:15351: checking for round
configure:15364: gcc -c -g -O2  conftest.c >&5
configure:15364: $? = 0
configure:15370: result: yes
configure:15497: checking that generated files are newer than configure
configure:15503: result: done
configure:15538: creating ./config.status

## ---------------------- ##
## Running config.status. ##
## ---------------------- ##

This file was extended by CppTest config.status 1.1.2, which was
generated by GNU Autoconf 2.69.  Invocation command line was

  CONFIG_FILES    = 
  CONFIG_HEADERS  = 
  CONFIG_LINKS    = 
  CONFIG_COMMANDS = 
  $ ./config.status 

on gir.home

config.status:1152: creating config/stamp-h
config.status:1152: creating doc/Doxyfile
config.status:1152: creating INSTALL.quick
config.status:1152: creating libcpptest.pc
config.status:1152: creating README
config.status:1152: creating Makefile
config.status:1152: creating doc/Makefile
config.status:1152: creating src/Makefile
config.status:1152: creating test/Makefile
config.status:1152: creating config/config.h
config.status:1381: executing depfiles commands
config.status:1381: executing libtool commands

## ---------------- ##
## Cache variables. ##
## ---------------- ##

ac_cv_build=x86_64-apple-darwin12.0.0
ac_cv_c_compiler_gnu=yes
ac_cv_cxx_compiler_gnu=yes
ac_cv_env_CCC_set=
ac_cv_env_CCC_value=
ac_cv_env_CC_set=
ac_cv_env_CC_value=
ac_cv_env_CFLAGS_set=
ac_cv_env_CFLAGS_value=
ac_cv_env_CPPFLAGS_set=
ac_cv_env_CPPFLAGS_value=
ac_cv_env_CPP_set=
ac_cv_env_CPP_value=
ac_cv_env_CXXCPP_set=
ac_cv_env_CXXCPP_value=
ac_cv_env_CXXFLAGS_set=
ac_cv_env_CXXFLAGS_value=
ac_cv_env_CXX_set=
ac_cv_env_CXX_value=
ac_cv_env_LDFLAGS_set=
ac_cv_env_LDFLAGS_value=
ac_cv_env_LIBS_set=
ac_cv_env_LIBS_value=
ac_cv_env_build_alias_set=
ac_cv_env_build_alias_value=
ac_cv_env_host_alias_set=
ac_cv_env_host_alias_value=
ac_cv_env_target_alias_set=
ac_cv_env_target_alias_value=
ac_cv_func_gettimeofday=yes
ac_cv_header_dlfcn_h=yes
ac_cv_header_inttypes_h=yes
ac_cv_header_memory_h=yes
ac_cv_header_stdc=yes
ac_cv_header_stdint_h=yes
ac_cv_header_stdlib_h=yes
ac_cv_header_string_h=yes
ac_cv_header_strings_h=yes
ac_cv_header_sys_stat_h=yes
ac_cv_header_sys_time_h=yes
ac_cv_header_sys_types_h=yes
ac_cv_header_unistd_h=yes
ac_cv_host=x86_64-apple-darwin12.0.0
ac_cv_objext=o
ac_cv_path_EGREP='/usr/bin/grep -E'
ac_cv_path_FGREP='/usr/bin/grep -F'
ac_cv_path_GREP=/usr/bin/grep
ac_cv_path_SED=/usr/bin/sed
ac_cv_path_install='/usr/bin/install -c'
ac_cv_prog_AWK=awk
ac_cv_prog_CPP='gcc -E'
ac_cv_prog_CXXCPP='g++ -E'
ac_cv_prog_ac_ct_AR=ar
ac_cv_prog_ac_ct_CC=gcc
ac_cv_prog_ac_ct_CXX=g++
ac_cv_prog_ac_ct_DSYMUTIL=dsymutil
ac_cv_prog_ac_ct_LIPO=lipo
ac_cv_prog_ac_ct_NMEDIT=nmedit
ac_cv_prog_ac_ct_OTOOL=otool
ac_cv_prog_ac_ct_RANLIB=ranlib
ac_cv_prog_ac_ct_STRIP=strip
ac_cv_prog_cc_c89=
ac_cv_prog_cc_g=yes
ac_cv_prog_cxx_g=yes
ac_cv_prog_make_make_set=yes
am_cv_CC_dependencies_compiler_type=gcc3
am_cv_CXX_dependencies_compiler_type=gcc3
lt_cv_apple_cc_single_mod=yes
lt_cv_ar_at_file=no
lt_cv_deplibs_check_method=pass_all
lt_cv_file_magic_cmd='$MAGIC_CMD'
lt_cv_file_magic_test_file=
lt_cv_ld_exported_symbols_list=yes
lt_cv_ld_force_load=yes
lt_cv_ld_reload_flag=-r
lt_cv_nm_interface='BSD nm'
lt_cv_objdir=.libs
lt_cv_path_LD=/usr/llvm-gcc-4.2/libexec/gcc/i686-apple-darwin11/4.2.1/ld
lt_cv_path_LDCXX=/usr/llvm-gcc-4.2/libexec/gcc/i686-apple-darwin11/4.2.1/ld
lt_cv_path_NM=/usr/bin/nm
lt_cv_path_mainfest_tool=no
lt_cv_prog_compiler_c_o=yes
lt_cv_prog_compiler_c_o_CXX=yes
lt_cv_prog_compiler_pic='-fno-common -DPIC'
lt_cv_prog_compiler_pic_CXX='-fno-common -DPIC'
lt_cv_prog_compiler_pic_works=yes
lt_cv_prog_compiler_pic_works_CXX=yes
lt_cv_prog_compiler_rtti_exceptions=no
lt_cv_prog_compiler_static_works=no
lt_cv_prog_compiler_static_works_CXX=no
lt_cv_prog_gnu_ld=no
lt_cv_prog_gnu_ldcxx=no
lt_cv_sharedlib_from_linklib_cmd='printf %s\n'
lt_cv_sys_global_symbol_pipe='sed -n -e '\''s/^.*[	 ]\([BCDEGRST][BCDEGRST]*\)[	 ][	 ]*_\([_A-Za-z][_A-Za-z0-9]*\)$/\1 _\2 \2/p'\'' | sed '\''/ __gnu_lto/d'\'''
lt_cv_sys_global_symbol_to_c_name_address='sed -n -e '\''s/^: \([^ ]*\)[ ]*$/  {\"\1\", (void *) 0},/p'\'' -e '\''s/^[BCDEGRST]* \([^ ]*\) \([^ ]*\)$/  {"\2", (void *) \&\2},/p'\'''
lt_cv_sys_global_symbol_to_c_name_address_lib_prefix='sed -n -e '\''s/^: \([^ ]*\)[ ]*$/  {\"\1\", (void *) 0},/p'\'' -e '\''s/^[BCDEGRST]* \([^ ]*\) \(lib[^ ]*\)$/  {"\2", (void *) \&\2},/p'\'' -e '\''s/^[BCDEGRST]* \([^ ]*\) \([^ ]*\)$/  {"lib\2", (void *) \&\2},/p'\'''
lt_cv_sys_global_symbol_to_cdecl='sed -n -e '\''s/^T .* \(.*\)$/extern int \1();/p'\'' -e '\''s/^[BCDEGRST]* .* \(.*\)$/extern char \1;/p'\'''
lt_cv_sys_max_cmd_len=196608
lt_cv_to_host_file_cmd=func_convert_file_noop
lt_cv_to_tool_file_cmd=func_convert_file_noop

## ----------------- ##
## Output variables. ##
## ----------------- ##

ACLOCAL='${SHELL} /Users/pentheny/Documents/workspace/cppimage/cppimage_tests/CPPTest/config/missing --run aclocal-1.12'
AMDEPBACKSLASH='\'
AMDEP_FALSE='#'
AMDEP_TRUE=''
AMTAR='$${TAR-tar}'
AR='ar'
AUTOCONF='${SHELL} /Users/pentheny/Documents/workspace/cppimage/cppimage_tests/CPPTest/config/missing --run autoconf'
AUTOHEADER='${SHELL} /Users/pentheny/Documents/workspace/cppimage/cppimage_tests/CPPTest/config/missing --run autoheader'
AUTOMAKE='${SHELL} /Users/pentheny/Documents/workspace/cppimage/cppimage_tests/CPPTest/config/missing --run automake-1.12'
AWK='awk'
CC='gcc'
CCDEPMODE='depmode=gcc3'
CFLAGS='-g -O2'
CPP='gcc -E'
CPPFLAGS=''
CXX='g++'
CXXCPP='g++ -E'
CXXDEPMODE='depmode=gcc3'
CXXFLAGS='-g -O2'
CYGPATH_W='echo'
DEFS='-DHAVE_CONFIG_H'
DEPDIR='.deps'
DLLTOOL='false'
DOC_FALSE=''
DOC_TRUE='#'
DSYMUTIL='dsymutil'
DUMPBIN=''
ECHO_C='\c'
ECHO_N=''
ECHO_T=''
EGREP='/usr/bin/grep -E'
EXEEXT=''
FGREP='/usr/bin/grep -F'
GREP='/usr/bin/grep'
INSTALL_DATA='${INSTALL} -m 644'
INSTALL_PROGRAM='${INSTALL}'
INSTALL_SCRIPT='${INSTALL}'
INSTALL_STRIP_PROGRAM='$(install_sh) -c -s'
LD='/usr/llvm-gcc-4.2/libexec/gcc/i686-apple-darwin11/4.2.1/ld'
LDFLAGS=''
LIBOBJS=''
LIBS=''
LIBTOOL='$(SHELL) $(top_builddir)/libtool'
LIPO='lipo'
LN_S='ln -s'
LTLIBOBJS=''
LT_VERSION='0:7:0'
MAKEINFO='${SHELL} /Users/pentheny/Documents/workspace/cppimage/cppimage_tests/CPPTest/config/missing --run makeinfo'
MANIFEST_TOOL=':'
MKDIR_P='config/install-sh -c -d'
NM='/usr/bin/nm'
NMEDIT='nmedit'
OBJDUMP='false'
OBJEXT='o'
OTOOL64=':'
OTOOL='otool'
PACKAGE='cpptest'
PACKAGE_BUGREPORT='nilu@users.sourceforge.net'
PACKAGE_NAME='CppTest'
PACKAGE_STRING='CppTest 1.1.2'
PACKAGE_TARNAME='cpptest'
PACKAGE_URL=''
PACKAGE_VERSION='1.1.2'
PATH_SEPARATOR=':'
RANLIB='ranlib'
SED='/usr/bin/sed'
SET_MAKE=''
SHELL='/bin/sh'
STRIP='strip'
VERSION='1.1.2'
WARNINGS_FALSE=''
WARNINGS_TRUE='#'
ac_ct_AR='ar'
ac_ct_CC='gcc'
ac_ct_CXX='g++'
ac_ct_DUMPBIN=''
am__EXEEXT_FALSE=''
am__EXEEXT_TRUE='#'
am__fastdepCC_FALSE='#'
am__fastdepCC_TRUE=''
am__fastdepCXX_FALSE='#'
am__fastdepCXX_TRUE=''
am__include='include'
am__isrc=''
am__leading_dot='.'
am__nodep='_no'
am__quote=''
am__tar='$${TAR-tar} chof - "$$tardir"'
am__untar='$${TAR-tar} xf -'
bindir='${exec_prefix}/bin'
build='x86_64-apple-darwin12.0.0'
build_alias=''
build_cpu='x86_64'
build_os='darwin12.0.0'
build_vendor='apple'
datadir='${datarootdir}'
datarootdir='${prefix}/share'
docdir='${datarootdir}/doc/${PACKAGE_TARNAME}'
dvidir='${docdir}'
exec_prefix='${prefix}'
host='x86_64-apple-darwin12.0.0'
host_alias=''
host_cpu='x86_64'
host_os='darwin12.0.0'
host_vendor='apple'
htmldir='${docdir}'
includedir='${prefix}/include'
infodir='${datarootdir}/info'
install_sh='${SHELL} /Users/pentheny/Documents/workspace/cppimage/cppimage_tests/CPPTest/config/install-sh'
libdir='${exec_prefix}/lib'
libexecdir='${exec_prefix}/libexec'
localedir='${datarootdir}/locale'
localstatedir='${prefix}/var'
mandir='${datarootdir}/man'
oldincludedir='/usr/include'
pdfdir='${docdir}'
prefix='/usr/local'
program_transform_name='s,x,x,'
psdir='${docdir}'
sbindir='${exec_prefix}/sbin'
sharedstatedir='${prefix}/com'
sysconfdir='${prefix}/etc'
target_alias=''
x_doxygen=''

## ----------- ##
## confdefs.h. ##
## ----------- ##

/* confdefs.h */
#define PACKAGE_NAME "CppTest"
#define PACKAGE_TARNAME "cpptest"
#define PACKAGE_VERSION "1.1.2"
#define PACKAGE_STRING "CppTest 1.1.2"
#define PACKAGE_BUGREPORT "nilu@users.sourceforge.net"
#define PACKAGE_URL ""
#define PACKAGE "cpptest"
#define VERSION "1.1.2"
#define STDC_HEADERS 1
#define HAVE_SYS_TYPES_H 1
#define HAVE_SYS_STAT_H 1
#define HAVE_STDLIB_H 1
#define HAVE_STRING_H 1
#define HAVE_MEMORY_H 1
#define HAVE_STRINGS_H 1
#define HAVE_INTTYPES_H 1
#define HAVE_STDINT_H 1
#define HAVE_UNISTD_H 1
#define HAVE_DLFCN_H 1
#define LT_OBJDIR ".libs/"
#define HAVE_SYS_TIME_H 1
#define HAVE_GETTIMEOFDAY 1
#define HAVE_ROUND /**/

configure: exit 0
